2024-03-19 21:27:07,057 - ERROR - VIN: VF1BZAR0548524535 | Error: <class 'ValueError'> - Vehicle was not found at the auction
2024-03-19 21:27:07,063 - ERROR - VIN: XTARS045LK1182177 | Error: <class 'ValueError'> - Vehicle was not found at the auction
2024-03-19 21:27:07,068 - ERROR - VIN: WV2ZZZ7HZJX019951 | Error: <class 'ValueError'> - Vehicle was not found at the auction
2024-03-19 21:27:07,076 - ERROR - VIN: X7L4SRLV466966035 | Error: <class 'ValueError'> - Vehicle was not found at the auction
2024-03-19 21:27:07,079 - ERROR - VIN: X9W215800E0031173 | Error: <class 'ValueError'> - Vehicle was not found at the auction
2024-03-19 21:27:07,080 - ERROR - VIN: Z6F4XXEEC4KD63997 | Error: <class 'ValueError'> - Vehicle was not found at the auction
2024-03-19 21:27:07,091 - ERROR - VIN: JTMBE33V60D096860 | Error: <class 'ValueError'> - Vehicle was not found at the auction
2024-03-19 21:27:07,102 - ERROR - VIN: Z8NTBNT31CS046584 | Error: <class 'ValueError'> - Vehicle was not found at the auction
2024-03-19 21:27:07,104 - ERROR - VIN: XWEKU811DEC003259 | Error: <class 'ValueError'> - Vehicle was not found at the auction
2024-03-19 21:27:07,106 - ERROR - VIN: XWEG2414BM0002685 | Error: <class 'ValueError'> - Vehicle was not found at the auction
2024-03-19 21:27:07,108 - ERROR - VIN: JTEHT05JX02082573 | Error: <class 'ValueError'> - Vehicle was not found at the auction
2024-03-19 21:27:07,110 - ERROR - VIN: Z8NHSNHGD56931063 | Error: <class 'ValueError'> - Vehicle was not found at the auction
2024-03-19 21:27:07,112 - ERROR - VIN: WDD2211711A285891 | Error: <class 'ValueError'> - Vehicle was not found at the auction
2024-03-19 21:27:07,121 - ERROR - VIN: XW8ZZZCKZNG000545 | Error: <class 'ValueError'> - Vehicle was not found at the auction
2024-03-19 21:27:07,150 - INFO - VIN: XWEGU411BL0020118 | Item description: <b>Параметры поиска:</b><br><b>Искомое слово (словосочетание)</b>: XWEGU411BL0020118<br><br><b>Список лотов:</b><br><b>Номер лота:</b> <a href="https://torgi.gov.ru/new/public/lots/lot/21000016390000000115_3">№ 21000016390000000115 лот № 3</a><br><b>Наименование лота (предмет торгов):</b> Автомобиль KIA JF (OPTIMA), 2020 г.в., г/н Т996ЕУ31,идентификационный номер (VIN): XWEGU411BL0021018.Имущество обременено: арест, залог (ПАО Банк Зенит), запрет на регистрационные действия. Имущество принадлежит на праве собственности Богачева О.И.<br><b>Вид торгов:</b> Реализация имущества должников<br><b>Форма проведения торгов:</b> Электронный аукцион<br><b>Статус лота:</b> Не состоялся<br><b>Электронная площадка:</b> https://it2.rts-tender.ru/trades/lotCard/97c189ca-eec0-4cc6-89b8-47709c592616<br><b>Дата публикации:</b> 2022-08-11T12:06:06.088Z<br><b>Дата изменения:</b> 2022-09-13T13:00:03.389Z<br><br><b>Начальная цена:</b> <br>1296845.0<br><br><b>Номер извещения:</b> <br><a href="https://torgi.gov.ru/new/public/notices/view/21000016390000000115">№ 21000016390000000115</a><br><br><b>Категория имущества:</b> <br>Легковые автомобили<br><br><b>Характеристики:</b><br>Государственный регистрационный знак: Т996ЕУ31<br>Дата государственного регистрационного знака: <br>Год выпуска: 2020<br>Мощность двигателя: <br>Экологический класс: <br>VIN номер: XWEGU411BL0021018<br>Коробка передач: <br>Привод: <br>Объем двигателя: <br>Вид транспорта: легковой<br>Марка: KIA<br>Модель: JF (OPTIMA)<br>Пробег: <br><br>
2024-03-19 21:27:07,151 - ERROR - VIN: XWEGU411BL0020118 | Error: <class 'NameError'> - name 'results_dict' is not defined
2024-03-19 21:27:14,090 - ERROR - VIN: XTAGFL110MY565861 | Error: <class 'ValueError'> - Vehicle was not found at the auction
2024-03-19 21:27:14,092 - ERROR - VIN: Z94CU41DBFR461578 | Error: <class 'ValueError'> - Vehicle was not found at the auction
2024-03-19 21:27:14,097 - ERROR - VIN: XTAGFL110NY608399 | Error: <class 'ValueError'> - Vehicle was not found at the auction
2024-03-19 21:27:14,099 - ERROR - VIN: XWEG3417BM0000595 | Error: <class 'ValueError'> - Vehicle was not found at the auction
2024-03-19 21:27:14,102 - ERROR - VIN: LGJE5FE02JM624523 | Error: <class 'ValueError'> - Vehicle was not found at the auction
2024-03-19 21:27:14,105 - ERROR - VIN: KMJWA37JBBU380348 | Error: <class 'ValueError'> - Vehicle was not found at the auction
2024-03-19 21:27:14,161 - INFO - VIN: KNAKU811DA5005300 | Item description: <b>Параметры поиска:</b><br><b>Искомое слово (словосочетание)</b>: KNAKU811DA5005300<br><br><b>Список лотов:</b><br><b>Номер лота:</b> <a href="https://torgi.gov.ru/new/public/lots/lot/23000000130000000087_15">№ 23000000130000000087 лот № 15</a><br><b>Наименование лота (предмет торгов):</b> ТС КИА ХМ SORENTO, 2009 года выпуска, г/н У876КМ72, VIN: KNAKU811DA5005300, возможны скрытые деффекты, ,г Тобольск,мкр 11, д.119А, стр.1, с-к: Балуев Д.В., н/ц: 840000 р., з-к: 126000  р, шаг: 8400 р, залог, код 0001, рег.№ 72-005308;<br><b>Вид торгов:</b> Реализация имущества должников<br><b>Форма проведения торгов:</b> Аукцион<br><b>Статус лота:</b> Состоялся<br><b>Электронная площадка:</b> <br><b>Дата публикации:</b> 2023-10-03T16:24:30.738Z<br><b>Дата изменения:</b> 2023-11-02T07:04:54.544Z<br><br><b>Начальная цена:</b> <br>840000.0<br><br><b>Номер извещения:</b> <br><a href="https://torgi.gov.ru/new/public/notices/view/23000000130000000087">№ 23000000130000000087</a><br><br><b>Категория имущества:</b> <br>Легковые автомобили<br><br><b>Характеристики:</b><br>Пробег: <br>Вид транспорта: легковой<br>Объем двигателя: <br>Год выпуска: 2009<br>Коробка передач: <br>Привод: <br>Государственный регистрационный знак: <br>Мощность двигателя: <br>VIN номер: KNAKU811DA5005300<br>Экологический класс: <br>Дата государственного регистрационного знака: <br>Марка: КИА ХМ SORENTO<br>Модель: КИА ХМ SORENTO<br><br>
2024-03-19 21:27:14,162 - ERROR - VIN: KNAKU811DA5005300 | Error: <class 'NameError'> - name 'results_dict' is not defined
2024-03-19 21:27:15,377 - ERROR - VIN: WDD2120481A688994 | Error: <class 'ValueError'> - Vehicle was not found at the auction
2024-03-19 21:27:15,383 - ERROR - VIN: X7LASRBA557180268 | Error: <class 'ValueError'> - Vehicle was not found at the auction
2024-03-19 21:27:15,384 - ERROR - VIN: X7L5SRLTB66954436 | Error: <class 'ValueError'> - Vehicle was not found at the auction
2024-03-19 21:27:15,386 - ERROR - VIN: SJNFAAJ10U2719809 | Error: <class 'ValueError'> - Vehicle was not found at the auction
2024-03-19 21:27:15,390 - ERROR - VIN: SHSRE58707U044191 | Error: <class 'ValueError'> - Vehicle was not found at the auction
2024-03-19 21:27:15,397 - ERROR - VIN: X7LRJC4B768553639 | Error: <class 'ValueError'> - Vehicle was not found at the auction
2024-03-19 21:27:15,443 - ERROR - VIN: Z6FBXXESWBEY12894 | Error: <class 'ValueError'> - Vehicle was not found at the auction
2024-03-19 21:27:15,669 - ERROR - VIN: X9W215851G0004106 | Error: <class 'ValueError'> - Vehicle was not found at the auction
2024-03-19 21:27:22,174 - ERROR - VIN: X7LHSRH8N51309766 | Error: <class 'ValueError'> - Vehicle was not found at the auction
2024-03-19 21:27:25,455 - ERROR - VIN: XW8ZZZ61ZDG020158 | Error: <class 'ValueError'> - Vehicle was not found at the auction
2024-03-19 21:27:25,711 - ERROR - VIN: WVWZZZ3CZCE532325 | Error: <class 'ValueError'> - Vehicle was not found at the auction
2024-03-19 21:27:25,979 - ERROR - VIN: XW8AN2NEXLH034639 | Error: <class 'ValueError'> - Vehicle was not found at the auction
2024-03-19 21:27:26,251 - ERROR - VIN: JN1TCNS51U0410685 | Error: <class 'ValueError'> - Vehicle was not found at the auction
2024-03-19 21:27:27,521 - ERROR - VIN: XWEFX417BGC000679 | Error: <class 'ValueError'> - Vehicle was not found at the auction
2024-03-19 21:27:27,758 - ERROR - VIN: XWELB41AAG0000607 | Error: <class 'ValueError'> - Vehicle was not found at the auction
2024-03-19 21:27:28,029 - ERROR - VIN: XTA219060F0311934 | Error: <class 'ValueError'> - Vehicle was not found at the auction
2024-03-19 21:27:28,110 - ERROR - VIN: Z94K241CBNR322684 | Error: <class 'ValueError'> - Vehicle was not found at the auction
2024-03-19 21:27:28,164 - ERROR - VIN: XTAGFK110NY595364 | Error: <class 'ValueError'> - Vehicle was not found at the auction
2024-03-19 21:27:28,188 - ERROR - VIN: XTA219010M0785376 | Error: <class 'ValueError'> - Vehicle was not found at the auction
2024-03-19 21:27:28,225 - ERROR - VIN: XUUTA69EJC0031301 | Error: <class 'ValueError'> - Vehicle was not found at the auction
2024-03-19 21:27:28,595 - ERROR - VIN: XWEGV412BG0000594 | Error: <class 'ValueError'> - Vehicle was not found at the auction
2024-03-19 21:27:28,892 - ERROR - VIN: WDD2130131A654318 | Error: <class 'ValueError'> - Vehicle was not found at the auction
2024-03-19 21:27:28,916 - ERROR - VIN: VF1LZBR0A43877471 | Error: <class 'ValueError'> - Vehicle was not found at the auction
2024-03-19 21:27:28,942 - ERROR - VIN: Z94CT41CADR236959 | Error: <class 'ValueError'> - Vehicle was not found at the auction
2024-03-19 21:27:28,946 - ERROR - VIN: VF1BZAR0545479525 | Error: <class 'ValueError'> - Vehicle was not found at the auction
2024-03-19 21:27:30,642 - ERROR - VIN: LVVDB11B6HE013082 | Error: <class 'ValueError'> - Vehicle was not found at the auction
2024-03-19 21:27:31,208 - ERROR - VIN: Z8TXTGF2WDM022406 | Error: <class 'ValueError'> - Vehicle was not found at the auction
2024-03-19 21:27:31,287 - ERROR - VIN: X4XZV411600E62253 | Error: <class 'ValueError'> - Vehicle was not found at the auction
2024-03-19 21:27:31,685 - ERROR - VIN: JMBXTGA3WEE711632 | Error: <class 'ValueError'> - Vehicle was not found at the auction
2024-03-19 21:27:32,002 - ERROR - VIN: Z94PE815DNR042456 | Error: <class 'ValueError'> - Vehicle was not found at the auction
2024-03-19 21:27:32,452 - ERROR - VIN: Z94C251BBNR185952 | Error: <class 'ValueError'> - Vehicle was not found at the auction
2024-03-19 21:27:33,908 - ERROR - VIN: Z94C241BBMR218073 | Error: <class 'ValueError'> - Vehicle was not found at the auction
2024-03-19 21:27:34,561 - ERROR - VIN: XWEL3416BL0002251 | Error: <class 'ValueError'> - Vehicle was not found at the auction
2024-03-19 21:27:34,807 - ERROR - VIN: Z8NBAABD0L0106476 | Error: <class 'ValueError'> - Vehicle was not found at the auction
2024-03-19 21:27:35,067 - ERROR - VIN: XTAGFL330LY372773 | Error: <class 'ValueError'> - Vehicle was not found at the auction
2024-03-19 21:27:35,308 - ERROR - VIN: XWBMA48N9HA533016 | Error: <class 'ValueError'> - Vehicle was not found at the auction
2024-03-19 21:27:35,493 - ERROR - VIN: XW8ZZZ3CZBG500067 | Error: <class 'ValueError'> - Vehicle was not found at the auction
2024-03-19 21:27:35,567 - ERROR - VIN: Z8NBAABD0M0129880 | Error: <class 'ValueError'> - Vehicle was not found at the auction
2024-03-19 21:27:42,765 - ERROR - VIN: VF1LZBR0546618505 | Error: <class 'ValueError'> - Vehicle was not found at the auction
2024-03-19 21:27:43,015 - ERROR - VIN: LVVDB11B1LD116361 | Error: <class 'ValueError'> - Vehicle was not found at the auction
2024-03-19 21:27:43,605 - ERROR - VIN: XW8ZZZ4G3FG054860 | Error: <class 'ValueError'> - Vehicle was not found at the auction
2024-03-19 21:27:43,792 - ERROR - VIN: Z8PFF3A5XDA055054 | Error: <class 'ValueError'> - Vehicle was not found at the auction
2024-03-19 21:27:46,309 - ERROR - VIN: XTAGAB130H1009233 | Error: <class 'ValueError'> - Vehicle was not found at the auction
2024-03-19 21:27:46,684 - INFO - VIN: X9W214851H0003370 | Item description: <b>Параметры поиска:</b><br><b>Искомое слово (словосочетание)</b>: X9W214851H0003370<br><br><b>Список лотов:</b><br><b>Номер лота:</b> <a href="https://torgi.gov.ru/new/public/lots/lot/23000003190000000620_1">№ 23000003190000000620 лот № 1</a><br><b>Наименование лота (предмет торгов):</b> АМТС Лифан Солано 2017 г.в., г/н Т281АК799, VIN X9W214851H0003753, собств. ООО «Уралево-Логистик» ИНН 7710547584, н/ц 425 850,00 руб.<br><b>Вид торгов:</b> Реализация имущества должников<br><b>Форма проведения торгов:</b> Электронный аукцион<br><b>Статус лота:</b> Не состоялся<br><b>Электронная площадка:</b> https://it2.rts-tender.ru/trades/lotCard/f995fe7e-005d-4f60-8148-2c7fe775f016<br><b>Дата публикации:</b> 2023-11-28T19:52:37.799Z<br><b>Дата изменения:</b> 2023-12-26T11:46:02.640Z<br><br><b>Начальная цена:</b> <br>425850.0<br><br><b>Номер извещения:</b> <br><a href="https://torgi.gov.ru/new/public/notices/view/23000003190000000620">№ 23000003190000000620</a><br><br><b>Категория имущества:</b> <br>Легковые автомобили<br><br><b>Характеристики:</b><br>Мощность двигателя: <br>Марка: Лифан Солано<br>Объем двигателя: <br>Коробка передач: <br>Пробег: <br>VIN номер: X9W214851H0003753<br>Экологический класс: <br>Вид транспорта: Легковой автомобиль<br>Год выпуска: 2017<br>Привод: <br>Государственный регистрационный знак: Т281АК799<br>Дата государственного регистрационного знака: <br>Модель: Лифан Солано<br><br>
2024-03-19 21:27:46,684 - ERROR - VIN: X9W214851H0003370 | Error: <class 'NameError'> - name 'results_dict' is not defined
2024-03-19 21:27:46,858 - ERROR - VIN: Z94G2811BKR203499 | Error: <class 'ValueError'> - Vehicle was not found at the auction
2024-03-19 21:27:47,722 - ERROR - VIN: XTA219410L0161895 | Error: <class 'ValueError'> - Vehicle was not found at the auction
2024-03-19 21:27:47,953 - ERROR - VIN: Z94K241CBMR220621 | Error: <class 'ValueError'> - Vehicle was not found at the auction
2024-03-19 21:27:47,957 - ERROR - VIN: Z8NTBNT31BS034941 | Error: <class 'ValueError'> - Vehicle was not found at the auction
2024-03-19 21:27:48,136 - ERROR - VIN: MX1J7AGGXPK054432 | Error: <class 'ValueError'> - Vehicle was not found at the auction
2024-03-19 21:27:48,203 - ERROR - VIN: LGWEF4A5XKF705370 | Error: <class 'ValueError'> - Vehicle was not found at the auction
2024-03-19 21:27:48,210 - ERROR - VIN: XWEGU411BK0013037 | Error: <class 'ValueError'> - Vehicle was not found at the auction
2024-03-19 21:27:48,396 - ERROR - VIN: X7LHSRHGD57807344 | Error: <class 'ValueError'> - Vehicle was not found at the auction
2024-03-19 21:27:48,673 - ERROR - VIN: JMBSNCY2A8U015612 | Error: <class 'ValueError'> - Vehicle was not found at the auction
2024-03-19 21:27:48,932 - ERROR - VIN: Z94CT51DAFR129429 | Error: <class 'ValueError'> - Vehicle was not found at the auction
2024-03-19 21:27:49,191 - ERROR - VIN: XTA213100K0209255 | Error: <class 'ValueError'> - Vehicle was not found at the auction
2024-03-19 21:27:49,192 - ERROR - VIN: XTA219410L0161086 | Error: <class 'ValueError'> - Vehicle was not found at the auction
2024-03-19 21:27:49,444 - ERROR - VIN: Z8UA0A1SSB0000133 | Error: <class 'ValueError'> - Vehicle was not found at the auction
2024-03-19 21:27:49,460 - ERROR - VIN: JTNBV58E00J197202 | Error: <class 'ValueError'> - Vehicle was not found at the auction
2024-03-19 21:27:49,696 - ERROR - VIN: X7LASRA3C66945592 | Error: <class 'ValueError'> - Vehicle was not found at the auction
2024-03-19 21:27:50,302 - ERROR - VIN: WAUZZZ8T5CA013418 | Error: <class 'ValueError'> - Vehicle was not found at the auction
2024-03-19 21:27:50,912 - ERROR - VIN: X9W214851H0002404 | Error: <class 'ValueError'> - Vehicle was not found at the auction
2024-03-19 21:27:51,465 - ERROR - VIN: Z94CB41BBGR326233 | Error: <class 'ValueError'> - Vehicle was not found at the auction
2024-03-19 21:27:52,000 - ERROR - VIN: XWEFB416BNC000291 | Error: <class 'ValueError'> - Vehicle was not found at the auction
2024-03-19 21:27:53,251 - ERROR - VIN: Z8NHSNGA567028393 | Error: <class 'ValueError'> - Vehicle was not found at the auction
2024-03-19 21:27:53,945 - ERROR - VIN: Z94K241CBNR318675 | Error: <class 'ValueError'> - Vehicle was not found at the auction
2024-03-19 21:27:55,197 - ERROR - VIN: XTAGAB320J1082094 | Error: <class 'ValueError'> - Vehicle was not found at the auction
2024-03-19 21:27:55,277 - ERROR - VIN: KMHLN41BBNU288198 | Error: <class 'ValueError'> - Vehicle was not found at the auction
2024-03-19 21:27:56,479 - ERROR - VIN: XTAGFK110LY374797 | Error: <class 'ValueError'> - Vehicle was not found at the auction
2024-03-19 21:27:58,545 - ERROR - VIN: XW8AC2NH3MK111615 | Error: <class 'ValueError'> - Vehicle was not found at the auction
2024-03-19 21:28:01,813 - ERROR - VIN: Z6FDXXECKDGC20749 | Error: <class 'ValueError'> - Vehicle was not found at the auction
2024-03-19 21:28:01,944 - ERROR - VIN: XW8JF25L5DH702358 | Error: <class 'ValueError'> - Vehicle was not found at the auction
2024-03-19 21:28:02,499 - ERROR - VIN: XW7BF3HK00S141887 | Error: <class 'ValueError'> - Vehicle was not found at the auction
2024-03-19 21:28:03,747 - ERROR - VIN: LS4ASE2W0MJ102249 | Error: <class 'ValueError'> - Vehicle was not found at the auction
2024-03-19 21:28:03,760 - ERROR - VIN: Z94K241CAMR250890 | Error: <class 'ValueError'> - Vehicle was not found at the auction
2024-03-19 21:28:04,238 - ERROR - VIN: XWEGT411BL0015412 | Error: <class 'ValueError'> - Vehicle was not found at the auction
2024-03-19 21:28:04,470 - ERROR - VIN: WAUZZZ4G1GN146409 | Error: <class 'ValueError'> - Vehicle was not found at the auction
2024-03-19 21:28:05,389 - ERROR - VIN: Z94CC41BBGR305399 | Error: <class 'ValueError'> - Vehicle was not found at the auction
2024-03-19 21:28:05,716 - ERROR - VIN: LVVDB21B5ND717040 | Error: <class 'ValueError'> - Vehicle was not found at the auction
2024-03-19 21:28:05,719 - ERROR - VIN: XTA212140P2450089 | Error: <class 'ValueError'> - Vehicle was not found at the auction
2024-03-19 21:28:06,179 - ERROR - VIN: XW8AC6NE0EH006462 | Error: <class 'ValueError'> - Vehicle was not found at the auction
2024-03-19 21:28:06,515 - ERROR - VIN: XWEL2416BL0000433 | Error: <class 'ValueError'> - Vehicle was not found at the auction
2024-03-19 21:28:06,986 - ERROR - VIN: WAUZZZ4G1FN055705 | Error: <class 'ValueError'> - Vehicle was not found at the auction
2024-03-19 21:28:06,993 - ERROR - VIN: W0L0AHL4872141261 | Error: <class 'ValueError'> - Vehicle was not found at the auction
2024-03-19 21:28:08,247 - ERROR - VIN: XW7BF4FK20S183244 | Error: <class 'ValueError'> - Vehicle was not found at the auction
2024-03-19 21:28:08,248 - ERROR - VIN: X7L5SRMA461535791 | Error: <class 'ValueError'> - Vehicle was not found at the auction
2024-03-19 21:28:08,495 - ERROR - VIN: Z94C251ABLR121631 | Error: <class 'ValueError'> - Vehicle was not found at the auction
2024-03-19 21:28:08,510 - ERROR - VIN: LGWEF4A55KF709911 | Error: <class 'ValueError'> - Vehicle was not found at the auction
2024-03-19 21:28:09,274 - INFO - VIN: X9W64408MJ0002729 | Item description: <b>Параметры поиска:</b><br><b>Искомое слово (словосочетание)</b>: X9W64408MJ0002729<br><br><b>Список лотов:</b><br><b>Номер лота:</b> <a href="https://torgi.gov.ru/new/public/lots/lot/22000007330000000118_6">№ 22000007330000000118 лот № 6</a><br><b>Наименование лота (предмет торгов):</b> АМТС LIFAN MYWAY, г.в.2018, г/н М943МК159, VIN X9W64408MJ0002729, соб-к: Буянин В. Г.<br><b>Вид торгов:</b> Реализация имущества должников<br><b>Форма проведения торгов:</b> Электронный аукцион<br><b>Статус лота:</b> Состоялся<br><b>Электронная площадка:</b> https://it2.rts-tender.ru/trades-v2/fe7a5974-4df9-4b28-b39a-84c5acfa3196/lots/0f0a64de-f0d3-4582-b255-192cbfadad39<br><b>Дата публикации:</b> 2023-05-23T05:57:33.209Z<br><b>Дата изменения:</b> 2023-07-27T09:41:34.235Z<br><br><b>Начальная цена:</b> <br>498865.0<br><br><b>Номер извещения:</b> <br><a href="https://torgi.gov.ru/new/public/notices/view/22000007330000000118">№ 22000007330000000118</a><br><br><b>Категория имущества:</b> <br>Легковые автомобили<br><br><b>Характеристики:</b><br>Пробег: <br>Вид транспорта: АМТС LIFAN MYWAY<br>Объем двигателя: <br>Год выпуска: 2018<br>Коробка передач: <br>Привод: <br>Государственный регистрационный знак: М943МК159<br>Мощность двигателя: <br>VIN номер: X9W64408MJ0002729<br>Экологический класс: <br>Дата государственного регистрационного знака: <br>Марка: АМТС LIFAN MYWAY<br>Модель: АМТС LIFAN MYWAY<br><br>
2024-03-19 21:28:09,275 - ERROR - VIN: X9W64408MJ0002729 | Error: <class 'NameError'> - name 'results_dict' is not defined
2024-03-19 21:28:09,774 - ERROR - VIN: XTA219170M0405051 | Error: <class 'ValueError'> - Vehicle was not found at the auction
2024-03-19 21:28:10,029 - ERROR - VIN: XW8ZZZCKZNG025188 | Error: <class 'ValueError'> - Vehicle was not found at the auction
2024-03-19 21:28:10,275 - ERROR - VIN: Z94K241CBNR344392 | Error: <class 'ValueError'> - Vehicle was not found at the auction
2024-03-19 21:28:10,562 - ERROR - VIN: XW8AC2NH7MK135853 | Error: <class 'ValueError'> - Vehicle was not found at the auction
2024-03-19 21:28:10,815 - ERROR - VIN: XWEHN512BE0018390 | Error: <class 'ValueError'> - Vehicle was not found at the auction
2024-03-19 21:28:11,889 - INFO - VIN: XTAGFK110NY599748 | Item description: <b>Параметры поиска:</b><br><b>Искомое слово (словосочетание)</b>: XTAGFK110NY599748<br><br><b>Список лотов:</b><br><b>Номер лота:</b> <a href="https://torgi.gov.ru/new/public/lots/lot/21000016080000001130_13">№ 21000016080000001130 лот № 13</a><br><b>Наименование лота (предмет торгов):</b> Легковой автомобиль Lada Vesta, 2021 года выпуска, государственный номер X454MT18, идентификационный номер (VIN) XTAGFK110NY599781, номер двигателя 211294689506,  рабочий объем двигателя - 1596 куб. см, мощность двигателя 106,1 л.с, 78 кВт, ПТС 164301032670038, состояние: без видимых повреждений, один ключ (брелок от сигнализации), электронный ПТС, СТС переданы представителю взыскателя  (Уведомление №0001570 от 16.10.2023 г.).<br><b>Вид торгов:</b> Реализация имущества должников<br><b>Форма проведения торгов:</b> Электронный аукцион<br><b>Статус лота:</b> Состоялся<br><b>Электронная площадка:</b> https://utp.sberbank-ast.ru/AP/NBT/PurchaseView/13/0/0/1301544<br><b>Дата публикации:</b> 2023-11-02T12:15:25.582Z<br><b>Дата изменения:</b> 2023-12-05T14:31:04.542Z<br><br><b>Начальная цена:</b> <br>1012500.0<br><br><b>Номер извещения:</b> <br><a href="https://torgi.gov.ru/new/public/notices/view/21000016080000001130">№ 21000016080000001130</a><br><br><b>Категория имущества:</b> <br>Легковые автомобили<br><br><b>Характеристики:</b><br>Вид транспорта: Легковой автомобиль<br>VIN номер: XTAGFK110NY599781<br>Модель: Vesta<br>Марка: Lada<br>Год выпуска: 2021<br><br>
2024-03-19 21:28:11,890 - ERROR - VIN: XTAGFK110NY599748 | Error: <class 'NameError'> - name 'results_dict' is not defined
2024-03-19 21:28:12,082 - ERROR - VIN: XWEJ3813AK0000113 | Error: <class 'ValueError'> - Vehicle was not found at the auction
2024-03-19 21:28:13,451 - ERROR - VIN: X7LASREA159812727 | Error: <class 'ValueError'> - Vehicle was not found at the auction
2024-03-19 21:28:15,500 - ERROR - VIN: WVWZZZ3CZDP017923 | Error: <class 'ValueError'> - Vehicle was not found at the auction
2024-03-19 21:28:16,262 - ERROR - VIN: Z94CB41BAFR252318 | Error: <class 'ValueError'> - Vehicle was not found at the auction
2024-03-19 21:28:18,014 - ERROR - VIN: Z6F5XXEEC5JL46451 | Error: <class 'ValueError'> - Vehicle was not found at the auction
2024-03-19 21:28:19,042 - ERROR - VIN: XWWFT411BA0000039 | Error: <class 'ValueError'> - Vehicle was not found at the auction
2024-03-19 21:28:19,267 - ERROR - VIN: LFP83APE0L1D45936 | Error: <class 'ValueError'> - Vehicle was not found at the auction
2024-03-19 21:28:19,816 - ERROR - VIN: Z94K241CBMR273842 | Error: <class 'ValueError'> - Vehicle was not found at the auction
2024-03-19 21:28:20,737 - ERROR - VIN: JMBXTGA3WDE708250 | Error: <class 'ValueError'> - Vehicle was not found at the auction
2024-03-19 21:28:21,775 - ERROR - VIN: JMZBK12Z281618799 | Error: <class 'ValueError'> - Vehicle was not found at the auction
2024-03-19 21:28:21,997 - ERROR - VIN: XTA219410M0179198 | Error: <class 'ValueError'> - Vehicle was not found at the auction
2024-03-19 21:28:22,056 - ERROR - VIN: XUUTA69EJC0009568 | Error: <class 'ValueError'> - Vehicle was not found at the auction
2024-03-19 21:28:22,780 - ERROR - VIN: NMTBB9JE50R068498 | Error: <class 'ValueError'> - Vehicle was not found at the auction
2024-03-19 21:28:22,870 - ERROR - VIN: LVVDB21B5LD172728 | Error: <class 'ValueError'> - Vehicle was not found at the auction
2024-03-19 21:28:23,044 - ERROR - VIN: X9W214813B0010432 | Error: <class 'ValueError'> - Vehicle was not found at the auction
2024-03-19 21:28:24,571 - ERROR - VIN: X7L5SRAVE54008936 | Error: <class 'ValueError'> - Vehicle was not found at the auction
2024-03-19 21:28:24,849 - ERROR - VIN: X9W64408AJ0000099 | Error: <class 'ValueError'> - Vehicle was not found at the auction
2024-03-19 21:28:25,128 - ERROR - VIN: TSMEYA21S00691537 | Error: <class 'ValueError'> - Vehicle was not found at the auction
2024-03-19 21:28:25,258 - ERROR - VIN: XWEH5816BM0011571 | Error: <class 'ValueError'> - Vehicle was not found at the auction
2024-03-19 21:28:25,339 - ERROR - VIN: X96270570G0804920 | Error: <class 'ValueError'> - Vehicle was not found at the auction
2024-03-19 21:28:25,542 - ERROR - VIN: XUUNF486JC0001386 | Error: <class 'ValueError'> - Vehicle was not found at the auction
2024-03-19 21:28:26,521 - ERROR - VIN: XTAGFK110NY589647 | Error: <class 'ValueError'> - Vehicle was not found at the auction
2024-03-19 21:28:26,599 - ERROR - VIN: KMHSH81XDBU713481 | Error: <class 'ValueError'> - Vehicle was not found at the auction
2024-03-19 21:28:27,362 - ERROR - VIN: MX1J7AGGXPK058754 | Error: <class 'ValueError'> - Vehicle was not found at the auction
2024-03-19 21:28:27,801 - ERROR - VIN: X9W215851G0004538 | Error: <class 'ValueError'> - Vehicle was not found at the auction
2024-03-19 21:28:29,869 - ERROR - VIN: JTHBK262205151401 | Error: <class 'ValueError'> - Vehicle was not found at the auction
2024-03-19 21:28:30,151 - ERROR - VIN: XTARS0Y5LE0802765 | Error: <class 'ValueError'> - Vehicle was not found at the auction
2024-03-19 21:28:30,420 - ERROR - VIN: Z94G2811BJR075461 | Error: <class 'ValueError'> - Vehicle was not found at the auction
2024-03-19 21:28:30,593 - ERROR - VIN: KMHDG41DBCU303987 | Error: <class 'ValueError'> - Vehicle was not found at the auction
2024-03-19 21:28:30,829 - ERROR - VIN: Z94C251BBLR104557 | Error: <class 'ValueError'> - Vehicle was not found at the auction
2024-03-19 21:28:31,559 - ERROR - VIN: JMBSNCS3A6U015172 | Error: <class 'ValueError'> - Vehicle was not found at the auction
2024-03-19 21:28:32,550 - ERROR - VIN: LVVDB21B1ND086786 | Error: <class 'ValueError'> - Vehicle was not found at the auction
2024-03-19 21:28:33,107 - ERROR - VIN: XTA219170M0403714 | Error: <class 'ValueError'> - Vehicle was not found at the auction
2024-03-19 21:28:34,096 - ERROR - VIN: LGWEE4A51NK631254 | Error: <class 'ValueError'> - Vehicle was not found at the auction
